Traceback (most recent call last):
  File "/usr/lib/python3/dist-packages/pkg_resources/_vendor/packaging/version.py", line 31, in parse
    return Version(version)
  File "/usr/lib/python3/dist-packages/pkg_resources/_vendor/packaging/version.py", line 202, in __init__
    raise InvalidVersion("Invalid version: '{0}'".format(version))
pkg_resources.extern.packaging.version.InvalidVersion: Invalid version: 'ament_lint_cmake'

During handling of the above exception, another exception occurred:

Traceback (most recent call last):
  File "/opt/ros/foxy/bin/ros2", line 6, in <module>
    from pkg_resources import load_entry_point
  File "/usr/lib/python3/dist-packages/pkg_resources/__init__.py", line 3254, in <module>
    def _initialize_master_working_set():
  File "/usr/lib/python3/dist-packages/pkg_resources/__init__.py", line 3237, in _call_aside
    f(*args, **kwargs)
  File "/usr/lib/python3/dist-packages/pkg_resources/__init__.py", line 3289, in _initialize_master_working_set
    list(map(working_set.add_entry, sys.path))
  File "/usr/lib/python3/dist-packages/pkg_resources/__init__.py", line 624, in add_entry
    for dist in find_distributions(entry, True):
  File "/usr/lib/python3/dist-packages/pkg_resources/__init__.py", line 2062, in find_on_path
    path_item_entries = _by_version_descending(filtered)
  File "/usr/lib/python3/dist-packages/pkg_resources/__init__.py", line 2035, in _by_version_descending
    return sorted(names, key=_by_version, reverse=True)
  File "/usr/lib/python3/dist-packages/pkg_resources/__init__.py", line 2033, in _by_version
    return [packaging.version.parse(part) for part in parts]
  File "/usr/lib/python3/dist-packages/pkg_resources/__init__.py", line 2033, in <listcomp>
    return [packaging.version.parse(part) for part in parts]
  File "/usr/lib/python3/dist-packages/pkg_resources/_vendor/packaging/version.py", line 33, in parse
    return LegacyVersion(version)
  File "/usr/lib/python3/dist-packages/pkg_resources/_vendor/packaging/version.py", line 76, in __init__
    self._key = _legacy_cmpkey(self._version)
  File "/usr/lib/python3/dist-packages/pkg_resources/_vendor/packaging/version.py", line 144, in _legacy_cmpkey
    if part < "*final":
KeyboardInterrupt
